# Logfile created on 2026-04-08 00:43:43 +0000 by logger.rb/v1.6.0
I, [2026-04-08T00:43:43.248786 #1]  INFO -- : Using GitHub Features: Defaults
I, [2026-04-08T00:43:43.248839 #1]  INFO -- : Forecasting 'http://localhost:8080'
I, [2026-04-08T00:43:43.255954 #1]  INFO -- request: GET http://localhost:8080/pluginManager/api/json?depth=1&tree=plugins%5BshortName%5D
I, [2026-04-08T00:43:43.297330 #1]  INFO -- response: Status 200
I, [2026-04-08T00:43:43.301446 #1]  INFO -- request: GET http://localhost:8080/api/json?tree=jobs%5Bname%2CfullName%2Cjobs%5D
I, [2026-04-08T00:43:43.309454 #1]  INFO -- response: Status 200
I, [2026-04-08T00:43:43.311801 #1]  INFO -- request: GET http://localhost:8080/job/monas_dev_work/api/json?tree=jobs%5Bname%2CfullName%2Cjobs%5D
I, [2026-04-08T00:43:43.320317 #1]  INFO -- response: Status 200
I, [2026-04-08T00:43:43.329328 #1]  INFO -- request: GET http://localhost:8080/job/test_mutlibranch_pipeline/api/json?tree=jobs%5Bname%2CfullName%2Cjobs%5D
I, [2026-04-08T00:43:43.349585 #1]  INFO -- response: Status 200
I, [2026-04-08T00:43:43.354679 #1]  INFO -- : Thread collection size: 4
I, [2026-04-08T00:43:43.360987 #1]  INFO -- request: GET http://localhost:8080/job/demo_pipeline/builds/?orderBy=desc&size=10000&start=0
I, [2026-04-08T00:43:43.361087 #1]  INFO -- request: GET http://localhost:8080/job/groovy_script/builds/?orderBy=desc&size=10000&start=0
I, [2026-04-08T00:43:43.361149 #1]  INFO -- request: GET http://localhost:8080/job/monas_dev_work/job/monas_freestyle/builds/?orderBy=desc&size=10000&start=0
I, [2026-04-08T00:43:43.361185 #1]  INFO -- request: GET http://localhost:8080/job/monas_dev_work/job/monas_pipeline/builds/?orderBy=desc&size=10000&start=0
I, [2026-04-08T00:43:43.845986 #1]  INFO -- response: Status 200
I, [2026-04-08T00:43:43.847549 #1]  INFO -- request: GET http://localhost:8080/job/test_freestyle_project/builds/?orderBy=desc&size=10000&start=0
I, [2026-04-08T00:43:43.851133 #1]  INFO -- response: Status 200
I, [2026-04-08T00:43:43.865116 #1]  INFO -- request: GET http://localhost:8080/job/test_pipeline/builds/?orderBy=desc&size=10000&start=0
I, [2026-04-08T00:43:43.865642 #1]  INFO -- response: Status 200
I, [2026-04-08T00:43:43.888486 #1]  INFO -- response: Status 200
I, [2026-04-08T00:43:43.920344 #1]  INFO -- response: Status 200
I, [2026-04-08T00:43:43.978144 #1]  INFO -- response: Status 200
I, [2026-04-08T00:43:45.985655 #1]  INFO -- : Output file(s):
I, [2026-04-08T00:43:45.987511 #1]  INFO -- :   tmp/forecast/jobs/04-08-2026-00-43_jobs_0.json
I, [2026-04-08T00:43:45.988033 #1]  INFO -- :   tmp/forecast/forecast_report.md
E, [2026-04-08T00:43:46.786318 #1] ERROR -- : undefined method `match?' for nil
/usr/local/bundle/gems/actions_importer-1.3.22622/lib/valet/metrics.rb:113:in `dotcom_user?'
/usr/local/bundle/gems/sorbet-runtime-0.5.11108/lib/types/private/methods/call_validation.rb:256:in `bind_call'
/usr/local/bundle/gems/sorbet-runtime-0.5.11108/lib/types/private/methods/call_validation.rb:256:in `validate_call'
/usr/local/bundle/gems/sorbet-runtime-0.5.11108/lib/types/private/methods/_methods.rb:275:in `block in _on_method_added'
/usr/local/bundle/gems/actions_importer-1.3.22622/lib/valet/metrics.rb:91:in `generate_metadata'
/usr/local/bundle/gems/sorbet-runtime-0.5.11108/lib/types/private/methods/call_validation.rb:256:in `bind_call'
/usr/local/bundle/gems/sorbet-runtime-0.5.11108/lib/types/private/methods/call_validation.rb:256:in `validate_call'
/usr/local/bundle/gems/sorbet-runtime-0.5.11108/lib/types/private/methods/_methods.rb:275:in `block in _on_method_added'
/usr/local/bundle/gems/actions_importer-1.3.22622/lib/valet/metrics.rb:28:in `block in track_event'
/usr/local/bundle/gems/faraday-2.7.2/lib/faraday/connection.rb:442:in `block in run_request'
/usr/local/bundle/gems/faraday-2.7.2/lib/faraday/connection.rb:459:in `block in build_request'
/usr/local/bundle/gems/faraday-2.7.2/lib/faraday/request.rb:40:in `block in create'
<internal:kernel>:90:in `tap'
/usr/local/bundle/gems/faraday-2.7.2/lib/faraday/request.rb:39:in `create'
/usr/local/bundle/gems/faraday-2.7.2/lib/faraday/connection.rb:455:in `build_request'
/usr/local/bundle/gems/faraday-2.7.2/lib/faraday/connection.rb:437:in `run_request'
/usr/local/bundle/gems/faraday-2.7.2/lib/faraday/connection.rb:281:in `post'
/usr/local/bundle/gems/actions_importer-1.3.22622/lib/valet/metrics.rb:25:in `track_event'
/usr/local/bundle/gems/sorbet-runtime-0.5.11108/lib/types/private/methods/call_validation.rb:256:in `bind_call'
/usr/local/bundle/gems/sorbet-runtime-0.5.11108/lib/types/private/methods/call_validation.rb:256:in `validate_call'
/usr/local/bundle/gems/sorbet-runtime-0.5.11108/lib/types/private/methods/_methods.rb:275:in `block in _on_method_added'
/usr/local/bundle/gems/actions_importer-1.3.22622/lib/valet/commands/forecast.rb:61:in `call'
/usr/local/bundle/gems/actions_importer-1.3.22622/lib/valet/subcommands/forecast.rb:52:in `jenkins'
/usr/local/bundle/gems/thor-1.2.2/lib/thor/command.rb:27:in `run'
/usr/local/bundle/gems/thor-1.2.2/lib/thor/invocation.rb:127:in `invoke_command'
/usr/local/bundle/gems/thor-1.2.2/lib/thor.rb:392:in `dispatch'
/usr/local/bundle/gems/thor-1.2.2/lib/thor/invocation.rb:116:in `invoke'
/usr/local/bundle/gems/thor-1.2.2/lib/thor.rb:243:in `block in subcommand'
/usr/local/bundle/gems/thor-1.2.2/lib/thor/command.rb:27:in `run'
/usr/local/bundle/gems/thor-1.2.2/lib/thor/invocation.rb:127:in `invoke_command'
/usr/local/bundle/gems/thor-1.2.2/lib/thor.rb:392:in `dispatch'
/usr/local/bundle/gems/thor-1.2.2/lib/thor/base.rb:485:in `start'
/usr/local/bundle/gems/actions_importer-1.3.22622/exe/actions-importer:19:in `<top (required)>'
/usr/local/bundle/bin/actions-importer:25:in `load'
/usr/local/bundle/bin/actions-importer:25:in `<main>'
