# Logfile created on 2026-04-08 00:50:50 +0000 by logger.rb/v1.6.0
I, [2026-04-08T00:50:50.228347 #1]  INFO -- : Using GitHub Features: Defaults
I, [2026-04-08T00:50:50.229319 #1]  INFO -- request: GET http://localhost:8080/job/demo_pipeline/config.xml
I, [2026-04-08T00:50:50.248939 #1]  INFO -- response: Status 200
I, [2026-04-08T00:50:50.258393 #1]  INFO -- request: POST http://localhost:8080/pipeline-model-converter/toJson
I, [2026-04-08T00:50:50.279198 #1]  INFO -- response: Status 200
D, [2026-04-08T00:50:50.280766 #1] DEBUG -- : [Transformers::Jenkins::JenkinsfilePipeline::DeclarativePipeline::Defaults]: Failed to locate transformer for 'label'
D, [2026-04-08T00:50:50.280855 #1] DEBUG -- : [Transformers::Jenkins::JenkinsfilePipeline::DeclarativePipeline::RunsOn]: Located transformer for 'label'
D, [2026-04-08T00:50:50.280938 #1] DEBUG -- : [Transformers::Jenkins::JenkinsfilePipeline::DeclarativePipeline::RunsOn]: Located transformer for 'label'
D, [2026-04-08T00:50:50.281280 #1] DEBUG -- : [Transformers::Jenkins::JenkinsfilePipeline::DeclarativePipeline::Container]: Failed to locate transformer for 'label'
D, [2026-04-08T00:50:50.282115 #1] DEBUG -- : [Transformers::Jenkins::JenkinsfilePipeline::DeclarativePipeline::StepTransformer]: Located transformer for 'echo'
D, [2026-04-08T00:50:50.282248 #1] DEBUG -- : [Transformers::Jenkins::JenkinsfilePipeline::DeclarativePipeline::StepTransformer]: Located transformer for 'echo'
D, [2026-04-08T00:50:50.282833 #1] DEBUG -- : [Transformers::Jenkins::JenkinsfilePipeline::DeclarativePipeline::StepTransformer]: Located transformer for 'archiveArtifacts'
D, [2026-04-08T00:50:50.283464 #1] DEBUG -- : [Transformers::Jenkins::JenkinsfilePipeline::DeclarativePipeline::StepTransformer]: Located transformer for 'junit'
D, [2026-04-08T00:50:50.284168 #1] DEBUG -- : [Transformers::Jenkins::JenkinsfilePipeline::DeclarativePipeline::StepTransformer]: Located transformer for 'sh'
I, [2026-04-08T00:50:50.290790 #1]  INFO -- : Output file(s):
I, [2026-04-08T00:50:50.297534 #1]  INFO -- :   tmp/dry-run/demo_pipeline/.github/workflows/demo_pipeline.yml
I, [2026-04-08T00:50:50.335702 #1]  INFO -- request: GET https://api.github.com/user
I, [2026-04-08T00:50:50.483703 #1]  INFO -- response: Status 200
I, [2026-04-08T00:50:50.484801 #1]  INFO -- : Sending telemetry with transaction id 'de495db1-38e7-4053-87e5-8db0f66fdba0'
