# Logfile created on 2026-04-08 00:51:38 +0000 by logger.rb/v1.6.0
I, [2026-04-08T00:51:38.971550 #1]  INFO -- : Using GitHub Features: Defaults
I, [2026-04-08T00:51:38.972588 #1]  INFO -- request: GET http://localhost:8080/job/test_pipeline/config.xml
I, [2026-04-08T00:51:38.998414 #1]  INFO -- response: Status 200
I, [2026-04-08T00:51:39.007224 #1]  INFO -- request: POST http://localhost:8080/pipeline-model-converter/toJson
I, [2026-04-08T00:51:39.023748 #1]  INFO -- response: Status 200
D, [2026-04-08T00:51:39.025467 #1] DEBUG -- : [Transformers::Jenkins::JenkinsfilePipeline::DeclarativePipeline::Defaults]: Failed to locate transformer for 'label'
D, [2026-04-08T00:51:39.025585 #1] DEBUG -- : [Transformers::Jenkins::JenkinsfilePipeline::DeclarativePipeline::RunsOn]: Located transformer for 'label'
D, [2026-04-08T00:51:39.025692 #1] DEBUG -- : [Transformers::Jenkins::JenkinsfilePipeline::DeclarativePipeline::RunsOn]: Located transformer for 'label'
D, [2026-04-08T00:51:39.026056 #1] DEBUG -- : [Transformers::Jenkins::JenkinsfilePipeline::DeclarativePipeline::Container]: Failed to locate transformer for 'label'
D, [2026-04-08T00:51:39.026795 #1] DEBUG -- : [Transformers::Jenkins::JenkinsfilePipeline::DeclarativePipeline::StepTransformer]: Located transformer for 'echo'
D, [2026-04-08T00:51:39.027100 #1] DEBUG -- : [Transformers::Jenkins::JenkinsfilePipeline::DeclarativePipeline::StepTransformer]: Failed to locate transformer for 'sleep'
D, [2026-04-08T00:51:39.027278 #1] DEBUG -- : [Transformers::Jenkins::JenkinsfilePipeline::DeclarativePipeline::StepTransformer]: Located transformer for 'echo'
D, [2026-04-08T00:51:39.027765 #1] DEBUG -- : [Transformers::Jenkins::JenkinsfilePipeline::DeclarativePipeline::StepTransformer]: Located transformer for 'junit'
D, [2026-04-08T00:51:39.028542 #1] DEBUG -- : [Transformers::Jenkins::DesignerPipeline::On]: Located transformer for 'hudson.triggers.SCMTrigger'
D, [2026-04-08T00:51:39.029376 #1] DEBUG -- : [Transformers::Jenkins::JenkinsfilePipeline::DeclarativePipeline::Concurrency]: Failed to locate transformer for 'org.jenkinsci.plugins.workflow.job.properties.PipelineTriggersJobProperty'
I, [2026-04-08T00:51:39.040852 #1]  INFO -- : Output file(s):
I, [2026-04-08T00:51:39.045422 #1]  INFO -- :   tmp/dry-run/test_pipeline/.github/workflows/test_pipeline.yml
I, [2026-04-08T00:51:39.086221 #1]  INFO -- request: GET https://api.github.com/user
I, [2026-04-08T00:51:39.232042 #1]  INFO -- response: Status 200
I, [2026-04-08T00:51:39.238678 #1]  INFO -- : Sending telemetry with transaction id 'd6b4b1dc-4902-4c1a-b801-8b50aa7fa047'
