# Logfile created on 2026-04-08 00:50:32 +0000 by logger.rb/v1.6.0
I, [2026-04-08T00:50:32.512888 #1]  INFO -- : Using GitHub Features: Defaults
I, [2026-04-08T00:50:32.513856 #1]  INFO -- request: GET http://localhost:8080/job/groovy_script/config.xml
I, [2026-04-08T00:50:32.535181 #1]  INFO -- response: Status 200
I, [2026-04-08T00:50:32.580468 #1]  INFO -- request: GET https://api.github.com/user
I, [2026-04-08T00:50:32.725473 #1]  INFO -- response: Status 200
I, [2026-04-08T00:50:32.727588 #1]  INFO -- : Sending telemetry with transaction id 'f533f5ab-d172-46b0-a724-25d927f7b2f6'
E, [2026-04-08T00:50:32.790221 #1] ERROR -- : Unable to parse Jenkins pipeline. Scripted pipelines are not currently supported.
Pipeline type: flow-definition
Message: Jenkins scripted pipelines are not supported
/usr/local/bundle/gems/actions_importer-1.3.22622/lib/valet/commands/dry_run.rb:15:in `call'
/usr/local/bundle/gems/actions_importer-1.3.22622/lib/valet/subcommands/dry_run.rb:31:in `jenkins'
/usr/local/bundle/gems/thor-1.2.2/lib/thor/command.rb:27:in `run'
/usr/local/bundle/gems/thor-1.2.2/lib/thor/invocation.rb:127:in `invoke_command'
/usr/local/bundle/gems/thor-1.2.2/lib/thor.rb:392:in `dispatch'
/usr/local/bundle/gems/thor-1.2.2/lib/thor/invocation.rb:116:in `invoke'
/usr/local/bundle/gems/thor-1.2.2/lib/thor.rb:243:in `block in subcommand'
/usr/local/bundle/gems/thor-1.2.2/lib/thor/command.rb:27:in `run'
/usr/local/bundle/gems/thor-1.2.2/lib/thor/invocation.rb:127:in `invoke_command'
/usr/local/bundle/gems/thor-1.2.2/lib/thor.rb:392:in `dispatch'
/usr/local/bundle/gems/thor-1.2.2/lib/thor/base.rb:485:in `start'
/usr/local/bundle/gems/actions_importer-1.3.22622/exe/actions-importer:19:in `<top (required)>'
/usr/local/bundle/bin/actions-importer:25:in `load'
/usr/local/bundle/bin/actions-importer:25:in `<main>'
