# Logfile created on 2026-04-08 00:36:47 +0000 by logger.rb/v1.6.0
I, [2026-04-08T00:36:47.289530 #1]  INFO -- : Using GitHub Features: Defaults
I, [2026-04-08T00:36:47.289585 #1]  INFO -- : Auditing 'REDACTED://localhost:8080'
I, [2026-04-08T00:36:47.298586 #1]  INFO -- request: GET REDACTED://localhost:8080/api/json?tree=jobs%5Bname%2Curl%2CfullName%5D
I, [2026-04-08T00:36:47.345976 #1]  INFO -- response: Status 200
I, [2026-04-08T00:36:47.347597 #1]  INFO -- request: GET REDACTED://localhost:8080/job/monas_dev_work/api/json?tree=jobs%5Bname%2Curl%2CfullName%5D
I, [2026-04-08T00:36:47.369732 #1]  INFO -- response: Status 200
I, [2026-04-08T00:36:47.370647 #1]  INFO -- : Thread collection size: 4
I, [2026-04-08T00:36:47.372558 #1]  INFO -- request: GET REDACTED://localhost:8080/job/demo_pipeline/config.xml
I, [2026-04-08T00:36:47.373224 #1]  INFO -- request: GET REDACTED://localhost:8080/job/groovy_script/config.xml
I, [2026-04-08T00:36:47.373874 #1]  INFO -- request: GET REDACTED://localhost:8080/job/monas_dev_work/job/monas_freestyle/config.xml
I, [2026-04-08T00:36:47.374637 #1]  INFO -- request: GET REDACTED://localhost:8080/job/monas_dev_work/job/monas_pipeline/config.xml
I, [2026-04-08T00:36:47.411320 #1]  INFO -- response: Status 200
I, [2026-04-08T00:36:47.417537 #1]  INFO -- response: Status 200
I, [2026-04-08T00:36:47.417634 #1]  INFO -- response: Status 200
I, [2026-04-08T00:36:47.423285 #1]  INFO -- response: Status 200
I, [2026-04-08T00:36:47.432220 #1]  INFO -- request: POST REDACTED://localhost:8080/pipeline-model-converter/toJson
I, [2026-04-08T00:36:47.447345 #1]  INFO -- request: POST REDACTED://localhost:8080/pipeline-model-converter/toJson
I, [2026-04-08T00:36:47.458658 #1]  INFO -- request: GET REDACTED://localhost:8080/job/test_freestyle_project/config.xml
I, [2026-04-08T00:36:47.462434 #1]  INFO -- request: GET REDACTED://localhost:8080/job/test_mutlibranch_pipeline/config.xml
I, [2026-04-08T00:36:47.475017 #1]  INFO -- response: Status 200
I, [2026-04-08T00:36:47.487110 #1]  INFO -- request: GET REDACTED://localhost:8080/job/test_pipeline/config.xml
I, [2026-04-08T00:36:47.495841 #1]  INFO -- response: Status 200
I, [2026-04-08T00:36:47.505371 #1]  INFO -- request: POST REDACTED://localhost:8080/pipeline-model-converter/toJson
I, [2026-04-08T00:36:47.519301 #1]  INFO -- response: Status 200
I, [2026-04-08T00:36:47.525026 #1]  INFO -- request: GET REDACTED://localhost:8080/job/test_mutlibranch_pipeline/api/json?tree=jobs%5Bname%2Curl%2CfullName%5D
I, [2026-04-08T00:36:47.530527 #1]  INFO -- response: Status 200
I, [2026-04-08T00:36:47.590110 #1]  INFO -- response: Status 200
I, [2026-04-08T00:36:47.597873 #1]  INFO -- response: Status 200
I, [2026-04-08T00:36:47.667143 #1]  INFO -- response: Status 200
D, [2026-04-08T00:36:47.669152 #1] DEBUG -- : [Transformers::Jenkins::JenkinsfilePipeline::DeclarativePipeline::Defaults]: Failed to locate transformer for 'label'
D, [2026-04-08T00:36:47.669256 #1] DEBUG -- : [Transformers::Jenkins::JenkinsfilePipeline::DeclarativePipeline::RunsOn]: Located transformer for 'label'
D, [2026-04-08T00:36:47.669332 #1] DEBUG -- : [Transformers::Jenkins::JenkinsfilePipeline::DeclarativePipeline::RunsOn]: Located transformer for 'label'
D, [2026-04-08T00:36:47.669717 #1] DEBUG -- : [Transformers::Jenkins::JenkinsfilePipeline::DeclarativePipeline::Container]: Failed to locate transformer for 'label'
D, [2026-04-08T00:36:47.670464 #1] DEBUG -- : [Transformers::Jenkins::JenkinsfilePipeline::DeclarativePipeline::StepTransformer]: Located transformer for 'echo'
D, [2026-04-08T00:36:47.670578 #1] DEBUG -- : [Transformers::Jenkins::JenkinsfilePipeline::DeclarativePipeline::StepTransformer]: Located transformer for 'echo'
D, [2026-04-08T00:36:47.671277 #1] DEBUG -- : [Transformers::Jenkins::JenkinsfilePipeline::DeclarativePipeline::StepTransformer]: Located transformer for 'archiveArtifacts'
D, [2026-04-08T00:36:47.672219 #1] DEBUG -- : [Transformers::Jenkins::JenkinsfilePipeline::DeclarativePipeline::StepTransformer]: Located transformer for 'junit'
D, [2026-04-08T00:36:47.672836 #1] DEBUG -- : [Transformers::Jenkins::JenkinsfilePipeline::DeclarativePipeline::StepTransformer]: Located transformer for 'sh'
D, [2026-04-08T00:36:47.678959 #1] DEBUG -- : [Transformers::Jenkins::DesignerPipeline::Jobs]: Located transformer for 'hudson.tasks.Shell'
D, [2026-04-08T00:36:47.679294 #1] DEBUG -- : [Transformers::Jenkins::DesignerPipeline::Env]: Located transformer for 'org.jenkinsci.plugins.credentialsbinding.impl.SecretBuildWrapper'
D, [2026-04-08T00:36:47.681021 #1] DEBUG -- : [Transformers::Jenkins::JenkinsfilePipeline::DeclarativePipeline::Defaults]: Failed to locate transformer for 'any'
D, [2026-04-08T00:36:47.681072 #1] DEBUG -- : [Transformers::Jenkins::JenkinsfilePipeline::DeclarativePipeline::RunsOn]: Located transformer for 'any'
D, [2026-04-08T00:36:47.681126 #1] DEBUG -- : [Transformers::Jenkins::JenkinsfilePipeline::DeclarativePipeline::RunsOn]: Located transformer for 'any'
D, [2026-04-08T00:36:47.681215 #1] DEBUG -- : [Transformers::Jenkins::JenkinsfilePipeline::DeclarativePipeline::Container]: Failed to locate transformer for 'any'
D, [2026-04-08T00:36:47.681353 #1] DEBUG -- : [Transformers::Jenkins::JenkinsfilePipeline::DeclarativePipeline::StepTransformer]: Located transformer for 'echo'
D, [2026-04-08T00:36:47.681500 #1] DEBUG -- : [Transformers::Jenkins::JenkinsfilePipeline::DeclarativePipeline::StepTransformer]: Failed to locate transformer for 'sleep'
D, [2026-04-08T00:36:47.681685 #1] DEBUG -- : [Transformers::Jenkins::JenkinsfilePipeline::DeclarativePipeline::StepTransformer]: Located transformer for 'echo'
D, [2026-04-08T00:36:47.683224 #1] DEBUG -- : [Transformers::Jenkins::DesignerPipeline::Jobs]: Located transformer for 'hudson.tasks.Shell'
D, [2026-04-08T00:36:47.683309 #1] DEBUG -- : [Transformers::Jenkins::DesignerPipeline::Jobs]: Located transformer for 'hudson.tasks.Shell'
D, [2026-04-08T00:36:47.683424 #1] DEBUG -- : [Transformers::Jenkins::DesignerPipeline::Jobs]: Located transformer for 'hudson.plugins.git.GitPublisher'
D, [2026-04-08T00:36:47.683578 #1] DEBUG -- : [Transformers::Jenkins::DesignerPipeline::Jobs]: Located transformer for 'hudson.tasks.Mailer'
D, [2026-04-08T00:36:47.683839 #1] DEBUG -- : [Transformers::Jenkins::DesignerPipeline::On]: Located transformer for 'hudson.triggers.TimerTrigger'
D, [2026-04-08T00:36:47.684488 #1] DEBUG -- : [Transformers::Jenkins::DesignerPipeline::Env]: Located transformer for 'org.jenkinsci.plugins.credentialsbinding.impl.SecretBuildWrapper'
D, [2026-04-08T00:36:47.687188 #1] DEBUG -- : [Transformers::Jenkins::JenkinsfilePipeline::DeclarativePipeline::Defaults]: Failed to locate transformer for 'label'
D, [2026-04-08T00:36:47.687253 #1] DEBUG -- : [Transformers::Jenkins::JenkinsfilePipeline::DeclarativePipeline::RunsOn]: Located transformer for 'label'
D, [2026-04-08T00:36:47.687293 #1] DEBUG -- : [Transformers::Jenkins::JenkinsfilePipeline::DeclarativePipeline::RunsOn]: Located transformer for 'label'
D, [2026-04-08T00:36:47.687379 #1] DEBUG -- : [Transformers::Jenkins::JenkinsfilePipeline::DeclarativePipeline::Container]: Failed to locate transformer for 'label'
D, [2026-04-08T00:36:47.687496 #1] DEBUG -- : [Transformers::Jenkins::JenkinsfilePipeline::DeclarativePipeline::StepTransformer]: Located transformer for 'echo'
D, [2026-04-08T00:36:47.687697 #1] DEBUG -- : [Transformers::Jenkins::JenkinsfilePipeline::DeclarativePipeline::StepTransformer]: Failed to locate transformer for 'sleep'
D, [2026-04-08T00:36:47.687796 #1] DEBUG -- : [Transformers::Jenkins::JenkinsfilePipeline::DeclarativePipeline::StepTransformer]: Located transformer for 'echo'
D, [2026-04-08T00:36:47.688005 #1] DEBUG -- : [Transformers::Jenkins::JenkinsfilePipeline::DeclarativePipeline::StepTransformer]: Located transformer for 'junit'
D, [2026-04-08T00:36:47.688243 #1] DEBUG -- : [Transformers::Jenkins::DesignerPipeline::On]: Located transformer for 'hudson.triggers.SCMTrigger'
D, [2026-04-08T00:36:47.688926 #1] DEBUG -- : [Transformers::Jenkins::JenkinsfilePipeline::DeclarativePipeline::Concurrency]: Failed to locate transformer for 'org.jenkinsci.plugins.workflow.job.properties.PipelineTriggersJobProperty'
I, [2026-04-08T00:36:47.691923 #1]  INFO -- : Output file(s):
I, [2026-04-08T00:36:47.697615 #1]  INFO -- :   tmp/audit/demo_pipeline/.github/workflows/demo_pipeline.yml
I, [2026-04-08T00:36:47.698194 #1]  INFO -- :   tmp/audit/demo_pipeline/config.json
I, [2026-04-08T00:36:47.699013 #1]  INFO -- :   tmp/audit/demo_pipeline/jenkinsfile
I, [2026-04-08T00:36:47.700289 #1]  INFO -- :   tmp/audit/groovy_script/error.txt
I, [2026-04-08T00:36:47.701167 #1]  INFO -- :   tmp/audit/groovy_script/config.json
I, [2026-04-08T00:36:47.703950 #1]  INFO -- :   tmp/audit/monas_dev_work/monas_freestyle/.github/workflows/monas_freestyle.yml
I, [2026-04-08T00:36:47.705194 #1]  INFO -- :   tmp/audit/monas_dev_work/monas_freestyle/config.json
I, [2026-04-08T00:36:47.708038 #1]  INFO -- :   tmp/audit/monas_dev_work/monas_pipeline/.github/workflows/monas_pipeline.yml
I, [2026-04-08T00:36:47.709167 #1]  INFO -- :   tmp/audit/monas_dev_work/monas_pipeline/config.json
I, [2026-04-08T00:36:47.710499 #1]  INFO -- :   tmp/audit/monas_dev_work/monas_pipeline/jenkinsfile
I, [2026-04-08T00:36:47.714313 #1]  INFO -- :   tmp/audit/test_freestyle_project/.github/workflows/test_freestyle_project.yml
I, [2026-04-08T00:36:47.716153 #1]  INFO -- :   tmp/audit/test_freestyle_project/config.json
I, [2026-04-08T00:36:47.718307 #1]  INFO -- :   tmp/audit/test_mutlibranch_pipeline/config.json
I, [2026-04-08T00:36:47.724492 #1]  INFO -- :   tmp/audit/test_pipeline/.github/workflows/test_pipeline.yml
I, [2026-04-08T00:36:47.726500 #1]  INFO -- :   tmp/audit/test_pipeline/config.json
I, [2026-04-08T00:36:47.727887 #1]  INFO -- :   tmp/audit/test_pipeline/jenkinsfile
I, [2026-04-08T00:36:47.784636 #1]  INFO -- :   tmp/audit/workflow_usage.csv
I, [2026-04-08T00:36:47.802698 #1]  INFO -- :   tmp/audit/audit_summary.md
W, [2026-04-08T00:36:52.903651 #1]  WARN -- : Secrets redacted in file(s):
W, [2026-04-08T00:36:52.903983 #1]  WARN -- :   tmp/audit/log/valet-20260408-003647.log
I, [2026-04-08T00:36:52.977018 #1]  INFO -- request: GET https://api.github.com/user
I, [2026-04-08T00:36:53.099203 #1]  INFO -- response: Status 200
I, [2026-04-08T00:36:53.100410 #1]  INFO -- : Sending telemetry with transaction id '2be0e213-42ea-4721-822d-125395883523'
